🔧 Database type: postgresql
🐘 Loading PostgreSQL database module...
✅ PostgreSQL database interface ready
JWT_SECRET exists: true
🚀 Server running on http://localhost:3000
📊 Environment: production
🔐 JWT Secret: your_...
Planner assignments error: ReferenceError: dbAll is not defined
    at /home/production-app/production-orders-app/server.js:1849:25
    at Layer.handle [as handle_request] (/home/production-app/production-orders-app/node_modules/express/lib/router/layer.js:95:5)
    at next (/home/production-app/production-orders-app/node_modules/express/lib/router/route.js:149:13)
    at /home/production-app/production-orders-app/server.js:299:5
    at /home/production-app/production-orders-app/node_modules/jsonwebtoken/verify.js:261:12
    at getSecret (/home/production-app/production-orders-app/node_modules/jsonwebtoken/verify.js:97:14)
    at module.exports [as verify] (/home/production-app/production-orders-app/node_modules/jsonwebtoken/verify.js:101:10)
    at authenticateToken (/home/production-app/production-orders-app/server.js:294:7)
    at Layer.handle [as handle_request] (/home/production-app/production-orders-app/node_modules/express/lib/router/layer.js:95:5)
    at next (/home/production-app/production-orders-app/node_modules/express/lib/router/route.js:149:13)
Supervisor fetch error: ReferenceError: dbAll is not defined
    at /home/production-app/production-orders-app/server.js:1922:25
    at Layer.handle [as handle_request] (/home/production-app/production-orders-app/node_modules/express/lib/router/layer.js:95:5)
    at next (/home/production-app/production-orders-app/node_modules/express/lib/router/route.js:149:13)
    at /home/production-app/production-orders-app/server.js:299:5
    at /home/production-app/production-orders-app/node_modules/jsonwebtoken/verify.js:261:12
    at getSecret (/home/production-app/production-orders-app/node_modules/jsonwebtoken/verify.js:97:14)
    at module.exports [as verify] (/home/production-app/production-orders-app/node_modules/jsonwebtoken/verify.js:101:10)
    at authenticateToken (/home/production-app/production-orders-app/server.js:294:7)
    at Layer.handle [as handle_request] (/home/production-app/production-orders-app/node_modules/express/lib/router/layer.js:95:5)
    at next (/home/production-app/production-orders-app/node_modules/express/lib/router/route.js:149:13)
✅ New PostgreSQL client connected
🔗 Client acquired from pool
✅ New PostgreSQL client connected
🔗 Client acquired from pool
🔓 Client released back to pool
🔓 Client released back to pool
Planner assignments error: ReferenceError: dbAll is not defined
    at /home/production-app/production-orders-app/server.js:1849:25
    at Layer.handle [as handle_request] (/home/production-app/production-orders-app/node_modules/express/lib/router/layer.js:95:5)
    at next (/home/production-app/production-orders-app/node_modules/express/lib/router/route.js:149:13)
    at /home/production-app/production-orders-app/server.js:299:5
    at /home/production-app/production-orders-app/node_modules/jsonwebtoken/verify.js:261:12
    at getSecret (/home/production-app/production-orders-app/node_modules/jsonwebtoken/verify.js:97:14)
    at module.exports [as verify] (/home/production-app/production-orders-app/node_modules/jsonwebtoken/verify.js:101:10)
    at authenticateToken (/home/production-app/production-orders-app/server.js:294:7)
    at Layer.handle [as handle_request] (/home/production-app/production-orders-app/node_modules/express/lib/router/layer.js:95:5)
    at next (/home/production-app/production-orders-app/node_modules/express/lib/router/route.js:149:13)
Supervisor fetch error: ReferenceError: dbAll is not defined
    at /home/production-app/production-orders-app/server.js:1922:25
    at Layer.handle [as handle_request] (/home/production-app/production-orders-app/node_modules/express/lib/router/layer.js:95:5)
    at next (/home/production-app/production-orders-app/node_modules/express/lib/router/route.js:149:13)
    at /home/production-app/production-orders-app/server.js:299:5
    at /home/production-app/production-orders-app/node_modules/jsonwebtoken/verify.js:261:12
    at getSecret (/home/production-app/production-orders-app/node_modules/jsonwebtoken/verify.js:97:14)
    at module.exports [as verify] (/home/production-app/production-orders-app/node_modules/jsonwebtoken/verify.js:101:10)
    at authenticateToken (/home/production-app/production-orders-app/server.js:294:7)
    at Layer.handle [as handle_request] (/home/production-app/production-orders-app/node_modules/express/lib/router/layer.js:95:5)
    at next (/home/production-app/production-orders-app/node_modules/express/lib/router/route.js:149:13)
🔗 Client acquired from pool
🔗 Client acquired from pool
🔓 Client released back to pool
🔓 Client released back to pool
Roster fetch error: ReferenceError: dbAll is not defined
    at /home/production-app/production-orders-app/server.js:2049:20
    at Layer.handle [as handle_request] (/home/production-app/production-orders-app/node_modules/express/lib/router/layer.js:95:5)
    at next (/home/production-app/production-orders-app/node_modules/express/lib/router/route.js:149:13)
    at /home/production-app/production-orders-app/server.js:299:5
    at /home/production-app/production-orders-app/node_modules/jsonwebtoken/verify.js:261:12
    at getSecret (/home/production-app/production-orders-app/node_modules/jsonwebtoken/verify.js:97:14)
    at module.exports [as verify] (/home/production-app/production-orders-app/node_modules/jsonwebtoken/verify.js:101:10)
    at authenticateToken (/home/production-app/production-orders-app/server.js:294:7)
    at Layer.handle [as handle_request] (/home/production-app/production-orders-app/node_modules/express/lib/router/layer.js:95:5)
    at next (/home/production-app/production-orders-app/node_modules/express/lib/router/route.js:149:13)
Roster fetch error: ReferenceError: dbAll is not defined
    at /home/production-app/production-orders-app/server.js:2049:20
    at Layer.handle [as handle_request] (/home/production-app/production-orders-app/node_modules/express/lib/router/layer.js:95:5)
    at next (/home/production-app/production-orders-app/node_modules/express/lib/router/route.js:149:13)
    at /home/production-app/production-orders-app/server.js:299:5
    at /home/production-app/production-orders-app/node_modules/jsonwebtoken/verify.js:261:12
    at getSecret (/home/production-app/production-orders-app/node_modules/jsonwebtoken/verify.js:97:14)
    at module.exports [as verify] (/home/production-app/production-orders-app/node_modules/jsonwebtoken/verify.js:101:10)
    at authenticateToken (/home/production-app/production-orders-app/server.js:294:7)
    at Layer.handle [as handle_request] (/home/production-app/production-orders-app/node_modules/express/lib/router/layer.js:95:5)
    at next (/home/production-app/production-orders-app/node_modules/express/lib/router/route.js:149:13)
Today roster fetch error: ReferenceError: dbAll is not defined
    at /home/production-app/production-orders-app/server.js:2080:20
    at Layer.handle [as handle_request] (/home/production-app/production-orders-app/node_modules/express/lib/router/layer.js:95:5)
    at next (/home/production-app/production-orders-app/node_modules/express/lib/router/route.js:149:13)
    at /home/production-app/production-orders-app/server.js:299:5
    at /home/production-app/production-orders-app/node_modules/jsonwebtoken/verify.js:261:12
    at getSecret (/home/production-app/production-orders-app/node_modules/jsonwebtoken/verify.js:97:14)
    at module.exports [as verify] (/home/production-app/production-orders-app/node_modules/jsonwebtoken/verify.js:101:10)
    at authenticateToken (/home/production-app/production-orders-app/server.js:294:7)
    at Layer.handle [as handle_request] (/home/production-app/production-orders-app/node_modules/express/lib/router/layer.js:95:5)
    at next (/home/production-app/production-orders-app/node_modules/express/lib/router/route.js:149:13)
🔗 Client acquired from pool
🔗 Client acquired from pool
🔓 Client released back to pool
Planner assignments error: ReferenceError: dbAll is not defined
    at /home/production-app/production-orders-app/server.js:1849:25
    at Layer.handle [as handle_request] (/home/production-app/production-orders-app/node_modules/express/lib/router/layer.js:95:5)
    at next (/home/production-app/production-orders-app/node_modules/express/lib/router/route.js:149:13)
    at /home/production-app/production-orders-app/server.js:299:5
    at /home/production-app/production-orders-app/node_modules/jsonwebtoken/verify.js:261:12
    at getSecret (/home/production-app/production-orders-app/node_modules/jsonwebtoken/verify.js:97:14)
    at module.exports [as verify] (/home/production-app/production-orders-app/node_modules/jsonwebtoken/verify.js:101:10)
    at authenticateToken (/home/production-app/production-orders-app/server.js:294:7)
    at Layer.handle [as handle_request] (/home/production-app/production-orders-app/node_modules/express/lib/router/layer.js:95:5)
    at next (/home/production-app/production-orders-app/node_modules/express/lib/router/route.js:149:13)
🔓 Client released back to pool
Supervisor fetch error: ReferenceError: dbAll is not defined
    at /home/production-app/production-orders-app/server.js:1922:25
    at Layer.handle [as handle_request] (/home/production-app/production-orders-app/node_modules/express/lib/router/layer.js:95:5)
    at next (/home/production-app/production-orders-app/node_modules/express/lib/router/route.js:149:13)
    at /home/production-app/production-orders-app/server.js:299:5
    at /home/production-app/production-orders-app/node_modules/jsonwebtoken/verify.js:261:12
    at getSecret (/home/production-app/production-orders-app/node_modules/jsonwebtoken/verify.js:97:14)
    at module.exports [as verify] (/home/production-app/production-orders-app/node_modules/jsonwebtoken/verify.js:101:10)
    at authenticateToken (/home/production-app/production-orders-app/server.js:294:7)
    at Layer.handle [as handle_request] (/home/production-app/production-orders-app/node_modules/express/lib/router/layer.js:95:5)
    at next (/home/production-app/production-orders-app/node_modules/express/lib/router/route.js:149:13)
Today roster fetch error: ReferenceError: dbAll is not defined
    at /home/production-app/production-orders-app/server.js:2080:20
    at Layer.handle [as handle_request] (/home/production-app/production-orders-app/node_modules/express/lib/router/layer.js:95:5)
    at next (/home/production-app/production-orders-app/node_modules/express/lib/router/route.js:149:13)
    at /home/production-app/production-orders-app/server.js:299:5
    at /home/production-app/production-orders-app/node_modules/jsonwebtoken/verify.js:261:12
    at getSecret (/home/production-app/production-orders-app/node_modules/jsonwebtoken/verify.js:97:14)
    at module.exports [as verify] (/home/production-app/production-orders-app/node_modules/jsonwebtoken/verify.js:101:10)
    at authenticateToken (/home/production-app/production-orders-app/server.js:294:7)
    at Layer.handle [as handle_request] (/home/production-app/production-orders-app/node_modules/express/lib/router/layer.js:95:5)
    at next (/home/production-app/production-orders-app/node_modules/express/lib/router/route.js:149:13)
🔗 Client acquired from pool
🔓 Client released back to pool
Planner assignments error: ReferenceError: dbAll is not defined
    at /home/production-app/production-orders-app/server.js:1849:25
    at Layer.handle [as handle_request] (/home/production-app/production-orders-app/node_modules/express/lib/router/layer.js:95:5)
    at next (/home/production-app/production-orders-app/node_modules/express/lib/router/route.js:149:13)
    at /home/production-app/production-orders-app/server.js:299:5
    at /home/production-app/production-orders-app/node_modules/jsonwebtoken/verify.js:261:12
    at getSecret (/home/production-app/production-orders-app/node_modules/jsonwebtoken/verify.js:97:14)
    at module.exports [as verify] (/home/production-app/production-orders-app/node_modules/jsonwebtoken/verify.js:101:10)
    at authenticateToken (/home/production-app/production-orders-app/server.js:294:7)
    at Layer.handle [as handle_request] (/home/production-app/production-orders-app/node_modules/express/lib/router/layer.js:95:5)
    at next (/home/production-app/production-orders-app/node_modules/express/lib/router/route.js:149:13)
🔗 Client acquired from pool
🔓 Client released back to pool
Supervisor fetch error: ReferenceError: dbAll is not defined
    at /home/production-app/production-orders-app/server.js:1922:25
    at Layer.handle [as handle_request] (/home/production-app/production-orders-app/node_modules/express/lib/router/layer.js:95:5)
    at next (/home/production-app/production-orders-app/node_modules/express/lib/router/route.js:149:13)
    at /home/production-app/production-orders-app/server.js:299:5
    at /home/production-app/production-orders-app/node_modules/jsonwebtoken/verify.js:261:12
    at getSecret (/home/production-app/production-orders-app/node_modules/jsonwebtoken/verify.js:97:14)
    at module.exports [as verify] (/home/production-app/production-orders-app/node_modules/jsonwebtoken/verify.js:101:10)
    at authenticateToken (/home/production-app/production-orders-app/server.js:294:7)
    at Layer.handle [as handle_request] (/home/production-app/production-orders-app/node_modules/express/lib/router/layer.js:95:5)
    at next (/home/production-app/production-orders-app/node_modules/express/lib/router/route.js:149:13)
🔗 Client acquired from pool
🔗 Client acquired from pool
🔓 Client released back to pool
🔓 Client released back to pool
Planner assignments error: ReferenceError: dbAll is not defined
    at /home/production-app/production-orders-app/server.js:1849:25
    at Layer.handle [as handle_request] (/home/production-app/production-orders-app/node_modules/express/lib/router/layer.js:95:5)
    at next (/home/production-app/production-orders-app/node_modules/express/lib/router/route.js:149:13)
    at /home/production-app/production-orders-app/server.js:299:5
    at /home/production-app/production-orders-app/node_modules/jsonwebtoken/verify.js:261:12
    at getSecret (/home/production-app/production-orders-app/node_modules/jsonwebtoken/verify.js:97:14)
    at module.exports [as verify] (/home/production-app/production-orders-app/node_modules/jsonwebtoken/verify.js:101:10)
    at authenticateToken (/home/production-app/production-orders-app/server.js:294:7)
    at Layer.handle [as handle_request] (/home/production-app/production-orders-app/node_modules/express/lib/router/layer.js:95:5)
    at next (/home/production-app/production-orders-app/node_modules/express/lib/router/route.js:149:13)
Supervisor fetch error: ReferenceError: dbAll is not defined
    at /home/production-app/production-orders-app/server.js:1922:25
    at Layer.handle [as handle_request] (/home/production-app/production-orders-app/node_modules/express/lib/router/layer.js:95:5)
    at next (/home/production-app/production-orders-app/node_modules/express/lib/router/route.js:149:13)
    at /home/production-app/production-orders-app/server.js:299:5
    at /home/production-app/production-orders-app/node_modules/jsonwebtoken/verify.js:261:12
    at getSecret (/home/production-app/production-orders-app/node_modules/jsonwebtoken/verify.js:97:14)
    at module.exports [as verify] (/home/production-app/production-orders-app/node_modules/jsonwebtoken/verify.js:101:10)
    at authenticateToken (/home/production-app/production-orders-app/server.js:294:7)
    at Layer.handle [as handle_request] (/home/production-app/production-orders-app/node_modules/express/lib/router/layer.js:95:5)
    at next (/home/production-app/production-orders-app/node_modules/express/lib/router/route.js:149:13)
🔗 Client acquired from pool
🔗 Client acquired from pool
🔓 Client released back to pool
🔓 Client released back to pool
🔗 Client acquired from pool
🔓 Client released back to pool
🔗 Client acquired from pool
🔓 Client released back to pool
🔗 Client acquired from pool
🔓 Client released back to pool
🔗 Client acquired from pool
🔓 Client released back to pool
SIGTERM received, closing server...
Server closed
