8:17:04 AM [vite] (client) Re-optimizing dependencies because vite config has changed
Port 5173 is in use, trying another one...

  VITE v7.0.6  ready in 378 ms

  ➜  Local:   http://localhost:5174/
  ➜  Network: http://197.85.7.242:5174/
(!) Failed to run dependency scan. Skipping dependency pre-bundling. Error:   Failed to scan for dependencies from entries:
  /home/production-app/production-orders-app/index.html

  [31m✘ [41;31m[[41;97mERROR[41;31m][0m [1mUnterminated regular expression[0m

    src/js/components/labour-layout.jsx:797:22:
[37m      797 │                 </div>[32m[37m
          ╵                       [32m^[0m


    at failureErrorWithLog (/home/production-app/production-orders-app/node_modules/esbuild/lib/main.js:1467:15)
    at /home/production-app/production-orders-app/node_modules/esbuild/lib/main.js:926:25
    at runOnEndCallbacks (/home/production-app/production-orders-app/node_modules/esbuild/lib/main.js:1307:45)
    at buildResponseToResult (/home/production-app/production-orders-app/node_modules/esbuild/lib/main.js:924:7)
    at /home/production-app/production-orders-app/node_modules/esbuild/lib/main.js:936:9
    at new Promise (<anonymous>)
    at requestCallbacks.on-end (/home/production-app/production-orders-app/node_modules/esbuild/lib/main.js:935:54)
    at handleRequest (/home/production-app/production-orders-app/node_modules/esbuild/lib/main.js:628:17)
    at handleIncomingPacket (/home/production-app/production-orders-app/node_modules/esbuild/lib/main.js:653:7)
    at Socket.readFromStdout (/home/production-app/production-orders-app/node_modules/esbuild/lib/main.js:581:7)
