2025-07-20T00:17:03: Connected to SQLite database
2025-07-20T00:17:03: Server running on port 3000
2025-07-20T00:17:03: WebSocket server running on ws://localhost:3000
2025-07-20T00:17:03: Access the application at http://localhost:3000
2025-07-20T00:17:03: Admin user ready
2025-07-20T00:21:37: Shutting down gracefully...
2025-07-20T00:21:37: HTTP server closed
2025-07-20T00:24:57: Connected to SQLite database
2025-07-20T00:24:57: Server running on port 3000
2025-07-20T00:24:57: WebSocket server running on ws://localhost:3000
2025-07-20T00:24:57: Access the application at http://localhost:3000
2025-07-20T00:24:57: Admin user ready
2025-07-20T00:29:13: Connected to SQLite database
2025-07-20T00:29:13: Server running on port 3000
2025-07-20T00:29:13: WebSocket server running on ws://localhost:3000
2025-07-20T00:29:13: Access the application at http://localhost:3000
2025-07-20T00:29:13: Admin user ready
2025-07-20T00:36:05: Shutting down gracefully...
2025-07-20T00:36:05: HTTP server closed
2025-07-20T00:36:05: Database connection closed
2025-07-20T00:36:06: Connected to SQLite database
2025-07-20T00:36:06: Server running on port 3000
2025-07-20T00:36:06: WebSocket server running on ws://localhost:3000
2025-07-20T00:36:06: Access the application at http://localhost:3000
2025-07-20T00:36:06: Admin user ready
2025-07-20T00:36:41: Connected to SQLite database
2025-07-20T00:36:41: Server running on port 3000
2025-07-20T00:36:41: WebSocket server running on ws://localhost:3000
2025-07-20T00:36:41: Access the application at http://localhost:3000
2025-07-20T00:36:42: Admin user ready
2025-07-20T01:02:11: Shutting down gracefully...
2025-07-20T01:02:14: HTTP server closed
2025-07-20T01:02:14: Database connection closed
2025-07-20T01:02:15: Connected to SQLite database
2025-07-20T01:02:15: Server running on port 3000
2025-07-20T01:02:15: WebSocket server running on ws://localhost:3000
2025-07-20T01:02:15: Access the application at http://localhost:3000
2025-07-20T01:02:15: Admin user ready
2025-07-20T01:46:19: Shutting down gracefully...
2025-07-20T01:46:19: HTTP server closed
2025-07-20T01:46:19: Database connection closed
2025-07-20T01:46:20: Connected to SQLite database
2025-07-20T01:46:20: Server running on port 3000
2025-07-20T01:46:20: WebSocket server running on ws://localhost:3000
2025-07-20T01:46:20: Access the application at http://localhost:3000
2025-07-20T01:46:20: Admin user ready
2025-07-20T01:51:57: Connected to SQLite database
2025-07-20T01:51:57: Server running on port 3000
2025-07-20T01:51:57: WebSocket server running on ws://localhost:3000
2025-07-20T01:51:57: Access the application at http://localhost:3000
2025-07-20T01:51:57: Admin user ready
2025-07-20T02:00:13: Shutting down gracefully...
2025-07-20T02:00:13: HTTP server closed
2025-07-20T02:00:14: Connected to SQLite database
2025-07-20T02:00:14: Server running on port 3000
2025-07-20T02:00:14: WebSocket server running on ws://localhost:3000
2025-07-20T02:00:14: Access the application at http://localhost:3000
2025-07-20T02:00:14: Admin user ready
2025-07-20T02:11:10: Connected to SQLite database
2025-07-20T02:11:10: Server running on port 3000
2025-07-20T02:11:10: WebSocket server running on ws://localhost:3000
2025-07-20T02:11:10: Access the application at http://localhost:3000
2025-07-20T02:11:10: Admin user ready
2025-07-20T02:21:45: Connected to SQLite database
2025-07-20T02:21:45: Server running on port 3000
2025-07-20T02:21:45: WebSocket server running on ws://localhost:3000
2025-07-20T02:21:45: Access the application at http://localhost:3000
2025-07-20T02:21:45: Admin user ready
2025-07-20T02:44:54: Shutting down gracefully...
2025-07-20T02:44:54: HTTP server closed
2025-07-20T02:44:54: Database connection closed
2025-07-20T02:44:55: Connected to SQLite database
2025-07-20T02:44:55: Server running on port 3000
2025-07-20T02:44:55: WebSocket server running on ws://localhost:3000
2025-07-20T02:44:55: Access the application at http://localhost:3000
2025-07-20T02:44:55: Admin user ready
